<?xml version="1.0" encoding="UTF-8"?>
<TestRun id="dda8a260-9146-460c-8cb5-ca712708ba15" name="gudmundssonm@WMLI032191 2012-05-04 19:41:57" runUser="GROUPINFRA\gudmundssonm" xmlns="http://microsoft.com/schemas/VisualStudio/TeamTest/2010">
  <TestSettings name="Local" id="986344fc-0c1f-4e15-b1fb-ca8d862367e0">
    <Description>These are default test settings for a local test run.</Description>
    <Deployment enabled="false" runDeploymentRoot="gudmundssonm_WMLI032191 2012-05-04 19_41_57">
      <DeploymentItem filename="c:\dotnet\ReversiKata\ReversiKata\bin\Debug\ReversiKata.dll" />
    </Deployment>
    <Execution>
      <TestTypeSpecific />
      <AgentRule name="Execution Agents">
      </AgentRule>
    </Execution>
  </TestSettings>
  <Times creation="2012-05-04T19:41:57.9773219+02:00" queuing="2012-05-04T19:42:04.7137072+02:00" start="2012-05-04T19:42:04.7977120+02:00" finish="2012-05-04T19:42:06.2517951+02:00" />
  <ResultSummary outcome="Completed">
    <Counters total="3" executed="3" passed="3" error="0" failed="0" timeout="0" aborted="0" inconclusive="0" passedButRunAborted="0" notRunnable="0" notExecuted="0" disconnected="0" warning="0" completed="0" inProgress="0" pending="0" />
  </ResultSummary>
  <TestDefinitions>
    <UnitTest name="TestChangeOfCoordinateState" storage="c:\dotnet\reversikata\testreversikata\bin\debug\testreversikata.dll" id="48741c66-0ace-f9f9-8573-d703e6c6e94f">
      <Execution id="14269fc1-75a9-4b18-81cf-97ce20ffca48" />
      <TestMethod codeBase="c:/dotnet/ReversiKata/TestReversiKata/bin/Debug/TestReversiKata.DLL" adapterTypeName="Microsoft.VisualStudio.TestTools.TestTypes.Unit.UnitTestAdapter, Microsoft.VisualStudio.QualityTools.Tips.UnitTest.Adapter, Version=10.0.0.0, Culture=neutral, PublicKeyToken=b03f5f7f11d50a3a" className="TestReversiKata.TestReversiKata, TestReversiKata, Version=1.0.0.0, Culture=neutral, PublicKeyToken=null" name="TestChangeOfCoordinateState" />
    </UnitTest>
    <UnitTest name="TestReversiKataMainTest" storage="c:\dotnet\reversikata\testreversikata\bin\debug\testreversikata.dll" id="5ea8bd89-1fb8-49c1-a428-65b7202051c0">
      <Execution id="d0845b04-5bda-46fe-b917-9c1040ccb596" />
      <TestMethod codeBase="c:/dotnet/ReversiKata/TestReversiKata/bin/Debug/TestReversiKata.DLL" adapterTypeName="Microsoft.VisualStudio.TestTools.TestTypes.Unit.UnitTestAdapter, Microsoft.VisualStudio.QualityTools.Tips.UnitTest.Adapter, Version=10.0.0.0, Culture=neutral, PublicKeyToken=b03f5f7f11d50a3a" className="TestReversiKata.TestReversiKata, TestReversiKata, Version=1.0.0.0, Culture=neutral, PublicKeyToken=null" name="TestReversiKataMainTest" />
    </UnitTest>
    <UnitTest name="TestCoordinateStateOfEmptyBoard" storage="c:\dotnet\reversikata\testreversikata\bin\debug\testreversikata.dll" id="8ff47382-c427-e015-f1b2-e2f0017a140d">
      <Execution id="fb2698fb-3790-4cb5-a0ae-395fbc89071a" />
      <TestMethod codeBase="c:/dotnet/ReversiKata/TestReversiKata/bin/Debug/TestReversiKata.DLL" adapterTypeName="Microsoft.VisualStudio.TestTools.TestTypes.Unit.UnitTestAdapter, Microsoft.VisualStudio.QualityTools.Tips.UnitTest.Adapter, Version=10.0.0.0, Culture=neutral, PublicKeyToken=b03f5f7f11d50a3a" className="TestReversiKata.TestReversiKata, TestReversiKata, Version=1.0.0.0, Culture=neutral, PublicKeyToken=null" name="TestCoordinateStateOfEmptyBoard" />
    </UnitTest>
  </TestDefinitions>
  <TestLists>
    <TestList name="Results Not in a List" id="8c84fa94-04c1-424b-9868-57a2d4851a1d" />
    <TestList name="All Loaded Results" id="19431567-8539-422a-85d7-44ee4e166bda" />
  </TestLists>
  <TestEntries>
    <TestEntry testId="5ea8bd89-1fb8-49c1-a428-65b7202051c0" executionId="d0845b04-5bda-46fe-b917-9c1040ccb596" testListId="8c84fa94-04c1-424b-9868-57a2d4851a1d" />
    <TestEntry testId="48741c66-0ace-f9f9-8573-d703e6c6e94f" executionId="14269fc1-75a9-4b18-81cf-97ce20ffca48" testListId="8c84fa94-04c1-424b-9868-57a2d4851a1d" />
    <TestEntry testId="8ff47382-c427-e015-f1b2-e2f0017a140d" executionId="fb2698fb-3790-4cb5-a0ae-395fbc89071a" testListId="8c84fa94-04c1-424b-9868-57a2d4851a1d" />
  </TestEntries>
  <Results>
    <UnitTestResult executionId="d0845b04-5bda-46fe-b917-9c1040ccb596" testId="5ea8bd89-1fb8-49c1-a428-65b7202051c0" testName="TestReversiKataMainTest" computerName="WMLI032191" duration="00:00:00.0329083" startTime="2012-05-04T19:42:05.0117242+02:00" endTime="2012-05-04T19:42:06.1397887+02:00" testType="13cdc9d9-ddb5-4fa4-a97d-d965ccfc6d4b" outcome="Passed" testListId="8c84fa94-04c1-424b-9868-57a2d4851a1d" relativeResultsDirectory="d0845b04-5bda-46fe-b917-9c1040ccb596">
    </UnitTestResult>
    <UnitTestResult executionId="14269fc1-75a9-4b18-81cf-97ce20ffca48" testId="48741c66-0ace-f9f9-8573-d703e6c6e94f" testName="TestChangeOfCoordinateState" computerName="WMLI032191" duration="00:00:00.0012164" startTime="2012-05-04T19:42:06.1457891+02:00" endTime="2012-05-04T19:42:06.1527895+02:00" testType="13cdc9d9-ddb5-4fa4-a97d-d965ccfc6d4b" outcome="Passed" testListId="8c84fa94-04c1-424b-9868-57a2d4851a1d" relativeResultsDirectory="14269fc1-75a9-4b18-81cf-97ce20ffca48">
    </UnitTestResult>
    <UnitTestResult executionId="fb2698fb-3790-4cb5-a0ae-395fbc89071a" testId="8ff47382-c427-e015-f1b2-e2f0017a140d" testName="TestCoordinateStateOfEmptyBoard" computerName="WMLI032191" duration="00:00:00.0002284" startTime="2012-05-04T19:42:06.1747907+02:00" endTime="2012-05-04T19:42:06.1797910+02:00" testType="13cdc9d9-ddb5-4fa4-a97d-d965ccfc6d4b" outcome="Passed" testListId="8c84fa94-04c1-424b-9868-57a2d4851a1d" relativeResultsDirectory="fb2698fb-3790-4cb5-a0ae-395fbc89071a">
    </UnitTestResult>
  </Results>
</TestRun>