<?xml version="1.0" encoding="UTF-8"?>
<TestRun id="defe85ce-96be-4833-9597-9a15a993098d" name="gudmundssonm@WMLI032191 2012-05-04 20:44:06" runUser="GROUPINFRA\gudmundssonm" xmlns="http://microsoft.com/schemas/VisualStudio/TeamTest/2010">
  <TestSettings name="Local" id="986344fc-0c1f-4e15-b1fb-ca8d862367e0">
    <Description>These are default test settings for a local test run.</Description>
    <Deployment enabled="false" runDeploymentRoot="gudmundssonm_WMLI032191 2012-05-04 20_44_06">
      <DeploymentItem filename="c:\dotnet\ReversiKata\ReversiKata\bin\Debug\ReversiKata.dll" />
    </Deployment>
    <Execution>
      <TestTypeSpecific />
      <AgentRule name="Execution Agents">
      </AgentRule>
    </Execution>
  </TestSettings>
  <Times creation="2012-05-04T20:44:06.2937046+02:00" queuing="2012-05-04T20:44:07.4737698+02:00" start="2012-05-04T20:44:07.5427738+02:00" finish="2012-05-04T20:44:33.1069191+02:00" />
  <ResultSummary outcome="Error">
    <Counters total="3" executed="1" error="0" failed="0" timeout="0" aborted="1" inconclusive="0" passedButRunAborted="0" notRunnable="0" notExecuted="2" disconnected="0" warning="0" passed="0" completed="0" inProgress="0" pending="0" />
    <RunInfos>
      <RunInfo computerName="WMLI032191" outcome="Error" timestamp="2012-05-04T20:44:33.1019188+02:00">
        <Text>Test host process exited unexpectedly.</Text>
      </RunInfo>
    </RunInfos>
  </ResultSummary>
  <TestDefinitions>
    <UnitTest name="TestChangeOfCoordinateState" storage="c:\dotnet\reversikata\testreversikata\bin\debug\testreversikata.dll" id="48741c66-0ace-f9f9-8573-d703e6c6e94f">
      <Execution id="4feb38e1-e048-4a4d-9395-3465effd739d" />
      <TestMethod codeBase="c:/dotnet/ReversiKata/TestReversiKata/bin/Debug/TestReversiKata.DLL" adapterTypeName="Microsoft.VisualStudio.TestTools.TestTypes.Unit.UnitTestAdapter, Microsoft.VisualStudio.QualityTools.Tips.UnitTest.Adapter, Version=10.0.0.0, Culture=neutral, PublicKeyToken=b03f5f7f11d50a3a" className="TestReversiKata.TestReversiKata, TestReversiKata, Version=1.0.0.0, Culture=neutral, PublicKeyToken=null" name="TestChangeOfCoordinateState" />
    </UnitTest>
    <UnitTest name="TestReversiKataMainTest" storage="c:\dotnet\reversikata\testreversikata\bin\debug\testreversikata.dll" id="5ea8bd89-1fb8-49c1-a428-65b7202051c0">
      <Execution id="8133acd1-ce12-44bd-bbc3-049aa00097f5" />
      <TestMethod codeBase="c:/dotnet/ReversiKata/TestReversiKata/bin/Debug/TestReversiKata.DLL" adapterTypeName="Microsoft.VisualStudio.TestTools.TestTypes.Unit.UnitTestAdapter, Microsoft.VisualStudio.QualityTools.Tips.UnitTest.Adapter, Version=10.0.0.0, Culture=neutral, PublicKeyToken=b03f5f7f11d50a3a" className="TestReversiKata.TestReversiKata, TestReversiKata, Version=1.0.0.0, Culture=neutral, PublicKeyToken=null" name="TestReversiKataMainTest" />
    </UnitTest>
    <UnitTest name="TestCoordinateStateOfEmptyBoard" storage="c:\dotnet\reversikata\testreversikata\bin\debug\testreversikata.dll" id="8ff47382-c427-e015-f1b2-e2f0017a140d">
      <Execution id="0497538e-d1a3-4c1b-9a81-942999af7e5e" />
      <TestMethod codeBase="c:/dotnet/ReversiKata/TestReversiKata/bin/Debug/TestReversiKata.DLL" adapterTypeName="Microsoft.VisualStudio.TestTools.TestTypes.Unit.UnitTestAdapter, Microsoft.VisualStudio.QualityTools.Tips.UnitTest.Adapter, Version=10.0.0.0, Culture=neutral, PublicKeyToken=b03f5f7f11d50a3a" className="TestReversiKata.TestReversiKata, TestReversiKata, Version=1.0.0.0, Culture=neutral, PublicKeyToken=null" name="TestCoordinateStateOfEmptyBoard" />
    </UnitTest>
  </TestDefinitions>
  <TestLists>
    <TestList name="Results Not in a List" id="8c84fa94-04c1-424b-9868-57a2d4851a1d" />
    <TestList name="All Loaded Results" id="19431567-8539-422a-85d7-44ee4e166bda" />
  </TestLists>
  <TestEntries>
    <TestEntry testId="5ea8bd89-1fb8-49c1-a428-65b7202051c0" executionId="8133acd1-ce12-44bd-bbc3-049aa00097f5" testListId="8c84fa94-04c1-424b-9868-57a2d4851a1d" />
    <TestEntry testId="48741c66-0ace-f9f9-8573-d703e6c6e94f" executionId="4feb38e1-e048-4a4d-9395-3465effd739d" testListId="8c84fa94-04c1-424b-9868-57a2d4851a1d" />
    <TestEntry testId="8ff47382-c427-e015-f1b2-e2f0017a140d" executionId="0497538e-d1a3-4c1b-9a81-942999af7e5e" testListId="8c84fa94-04c1-424b-9868-57a2d4851a1d" />
  </TestEntries>
  <Results>
    <UnitTestResult executionId="8133acd1-ce12-44bd-bbc3-049aa00097f5" testId="5ea8bd89-1fb8-49c1-a428-65b7202051c0" testName="TestReversiKataMainTest" computerName="WMLI032191" duration="00:00:25.5171426" startTime="2012-05-04T20:44:07.5887764+02:00" endTime="2012-05-04T20:44:33.1059190+02:00" testType="13cdc9d9-ddb5-4fa4-a97d-d965ccfc6d4b" outcome="Aborted" testListId="8c84fa94-04c1-424b-9868-57a2d4851a1d" relativeResultsDirectory="8133acd1-ce12-44bd-bbc3-049aa00097f5">
    </UnitTestResult>
    <UnitTestResult executionId="4feb38e1-e048-4a4d-9395-3465effd739d" testId="48741c66-0ace-f9f9-8573-d703e6c6e94f" testName="TestChangeOfCoordinateState" computerName="WMLI032191" testType="13cdc9d9-ddb5-4fa4-a97d-d965ccfc6d4b" outcome="NotExecuted" testListId="8c84fa94-04c1-424b-9868-57a2d4851a1d" relativeResultsDirectory="4feb38e1-e048-4a4d-9395-3465effd739d">
    </UnitTestResult>
    <UnitTestResult executionId="0497538e-d1a3-4c1b-9a81-942999af7e5e" testId="8ff47382-c427-e015-f1b2-e2f0017a140d" testName="TestCoordinateStateOfEmptyBoard" computerName="WMLI032191" testType="13cdc9d9-ddb5-4fa4-a97d-d965ccfc6d4b" outcome="NotExecuted" testListId="8c84fa94-04c1-424b-9868-57a2d4851a1d" relativeResultsDirectory="0497538e-d1a3-4c1b-9a81-942999af7e5e">
    </UnitTestResult>
  </Results>
</TestRun>