<?xml version="1.0" encoding="UTF-8"?>
<TestRun id="519ed674-f4f2-4e9c-ac90-29c3892d76f6" name="gudmundssonm@WMLI032191 2012-05-04 21:03:14" runUser="GROUPINFRA\gudmundssonm" xmlns="http://microsoft.com/schemas/VisualStudio/TeamTest/2010">
  <TestSettings name="Local" id="986344fc-0c1f-4e15-b1fb-ca8d862367e0">
    <Description>These are default test settings for a local test run.</Description>
    <Deployment enabled="false" runDeploymentRoot="gudmundssonm_WMLI032191 2012-05-04 21_03_14">
      <DeploymentItem filename="c:\dotnet\ReversiKata\ReversiKata\bin\Debug\ReversiKata.dll" />
    </Deployment>
    <Execution>
      <TestTypeSpecific />
      <AgentRule name="Execution Agents">
      </AgentRule>
    </Execution>
  </TestSettings>
  <Times creation="2012-05-04T21:03:14.7253660+02:00" queuing="2012-05-04T21:03:15.9914222+02:00" start="2012-05-04T21:03:16.1414224+02:00" finish="2012-05-04T21:04:49.9201156+02:00" />
  <ResultSummary outcome="Failed">
    <Counters total="4" executed="4" passed="3" error="0" failed="1" timeout="0" aborted="0" inconclusive="0" passedButRunAborted="0" notRunnable="0" notExecuted="0" disconnected="0" warning="0" completed="0" inProgress="0" pending="0" />
  </ResultSummary>
  <TestDefinitions>
    <UnitTest name="TestChangeOfCoordinateStateToIllegal" storage="c:\dotnet\reversikata\testreversikata\bin\debug\testreversikata.dll" id="12e6e1a1-b709-4e64-cb67-112ffe265d48">
      <Execution id="d3e72ade-dfaf-4440-96f3-b6c487d3dd72" />
      <TestMethod codeBase="c:/dotnet/ReversiKata/TestReversiKata/bin/Debug/TestReversiKata.DLL" adapterTypeName="Microsoft.VisualStudio.TestTools.TestTypes.Unit.UnitTestAdapter, Microsoft.VisualStudio.QualityTools.Tips.UnitTest.Adapter, Version=10.0.0.0, Culture=neutral, PublicKeyToken=b03f5f7f11d50a3a" className="TestReversiKata.TestReversiKata, TestReversiKata, Version=1.0.0.0, Culture=neutral, PublicKeyToken=null" name="TestChangeOfCoordinateStateToIllegal" />
    </UnitTest>
    <UnitTest name="TestChangeOfCoordinateState" storage="c:\dotnet\reversikata\testreversikata\bin\debug\testreversikata.dll" id="48741c66-0ace-f9f9-8573-d703e6c6e94f">
      <Execution id="0a597beb-18d2-4257-9c37-f22cf1595b86" />
      <TestMethod codeBase="c:/dotnet/ReversiKata/TestReversiKata/bin/Debug/TestReversiKata.DLL" adapterTypeName="Microsoft.VisualStudio.TestTools.TestTypes.Unit.UnitTestAdapter, Microsoft.VisualStudio.QualityTools.Tips.UnitTest.Adapter, Version=10.0.0.0, Culture=neutral, PublicKeyToken=b03f5f7f11d50a3a" className="TestReversiKata.TestReversiKata, TestReversiKata, Version=1.0.0.0, Culture=neutral, PublicKeyToken=null" name="TestChangeOfCoordinateState" />
    </UnitTest>
    <UnitTest name="TestReversiKataMainTest" storage="c:\dotnet\reversikata\testreversikata\bin\debug\testreversikata.dll" id="5ea8bd89-1fb8-49c1-a428-65b7202051c0">
      <Execution id="0fae7c5b-9e3e-40ac-9d41-f324beaaa57f" />
      <TestMethod codeBase="c:/dotnet/ReversiKata/TestReversiKata/bin/Debug/TestReversiKata.DLL" adapterTypeName="Microsoft.VisualStudio.TestTools.TestTypes.Unit.UnitTestAdapter, Microsoft.VisualStudio.QualityTools.Tips.UnitTest.Adapter, Version=10.0.0.0, Culture=neutral, PublicKeyToken=b03f5f7f11d50a3a" className="TestReversiKata.TestReversiKata, TestReversiKata, Version=1.0.0.0, Culture=neutral, PublicKeyToken=null" name="TestReversiKataMainTest" />
    </UnitTest>
    <UnitTest name="TestCoordinateStateOfEmptyBoard" storage="c:\dotnet\reversikata\testreversikata\bin\debug\testreversikata.dll" id="8ff47382-c427-e015-f1b2-e2f0017a140d">
      <Execution id="4bec5a2a-4ad4-42a3-bf0d-1af0329eeff0" />
      <TestMethod codeBase="c:/dotnet/ReversiKata/TestReversiKata/bin/Debug/TestReversiKata.DLL" adapterTypeName="Microsoft.VisualStudio.TestTools.TestTypes.Unit.UnitTestAdapter, Microsoft.VisualStudio.QualityTools.Tips.UnitTest.Adapter, Version=10.0.0.0, Culture=neutral, PublicKeyToken=b03f5f7f11d50a3a" className="TestReversiKata.TestReversiKata, TestReversiKata, Version=1.0.0.0, Culture=neutral, PublicKeyToken=null" name="TestCoordinateStateOfEmptyBoard" />
    </UnitTest>
  </TestDefinitions>
  <TestLists>
    <TestList name="Results Not in a List" id="8c84fa94-04c1-424b-9868-57a2d4851a1d" />
    <TestList name="All Loaded Results" id="19431567-8539-422a-85d7-44ee4e166bda" />
  </TestLists>
  <TestEntries>
    <TestEntry testId="5ea8bd89-1fb8-49c1-a428-65b7202051c0" executionId="0fae7c5b-9e3e-40ac-9d41-f324beaaa57f" testListId="8c84fa94-04c1-424b-9868-57a2d4851a1d" />
    <TestEntry testId="48741c66-0ace-f9f9-8573-d703e6c6e94f" executionId="0a597beb-18d2-4257-9c37-f22cf1595b86" testListId="8c84fa94-04c1-424b-9868-57a2d4851a1d" />
    <TestEntry testId="8ff47382-c427-e015-f1b2-e2f0017a140d" executionId="4bec5a2a-4ad4-42a3-bf0d-1af0329eeff0" testListId="8c84fa94-04c1-424b-9868-57a2d4851a1d" />
    <TestEntry testId="12e6e1a1-b709-4e64-cb67-112ffe265d48" executionId="d3e72ade-dfaf-4440-96f3-b6c487d3dd72" testListId="8c84fa94-04c1-424b-9868-57a2d4851a1d" />
  </TestEntries>
  <Results>
    <UnitTestResult executionId="0fae7c5b-9e3e-40ac-9d41-f324beaaa57f" testId="5ea8bd89-1fb8-49c1-a428-65b7202051c0" testName="TestReversiKataMainTest" computerName="WMLI032191" duration="00:00:00.0328647" startTime="2012-05-04T21:03:16.3064313+02:00" endTime="2012-05-04T21:03:17.4434930+02:00" testType="13cdc9d9-ddb5-4fa4-a97d-d965ccfc6d4b" outcome="Passed" testListId="8c84fa94-04c1-424b-9868-57a2d4851a1d" relativeResultsDirectory="0fae7c5b-9e3e-40ac-9d41-f324beaaa57f">
    </UnitTestResult>
    <UnitTestResult executionId="0a597beb-18d2-4257-9c37-f22cf1595b86" testId="48741c66-0ace-f9f9-8573-d703e6c6e94f" testName="TestChangeOfCoordinateState" computerName="WMLI032191" duration="00:00:00.0008456" startTime="2012-05-04T21:03:17.4524935+02:00" endTime="2012-05-04T21:03:17.4594939+02:00" testType="13cdc9d9-ddb5-4fa4-a97d-d965ccfc6d4b" outcome="Passed" testListId="8c84fa94-04c1-424b-9868-57a2d4851a1d" relativeResultsDirectory="0a597beb-18d2-4257-9c37-f22cf1595b86">
    </UnitTestResult>
    <UnitTestResult executionId="4bec5a2a-4ad4-42a3-bf0d-1af0329eeff0" testId="8ff47382-c427-e015-f1b2-e2f0017a140d" testName="TestCoordinateStateOfEmptyBoard" computerName="WMLI032191" duration="00:00:00.0001931" startTime="2012-05-04T21:03:17.4654943+02:00" endTime="2012-05-04T21:03:17.4714946+02:00" testType="13cdc9d9-ddb5-4fa4-a97d-d965ccfc6d4b" outcome="Passed" testListId="8c84fa94-04c1-424b-9868-57a2d4851a1d" relativeResultsDirectory="4bec5a2a-4ad4-42a3-bf0d-1af0329eeff0">
    </UnitTestResult>
    <UnitTestResult executionId="d3e72ade-dfaf-4440-96f3-b6c487d3dd72" testId="12e6e1a1-b709-4e64-cb67-112ffe265d48" testName="TestChangeOfCoordinateStateToIllegal" computerName="WMLI032191" duration="00:01:32.3381497" startTime="2012-05-04T21:03:17.4784950+02:00" endTime="2012-05-04T21:04:49.8311105+02:00" testType="13cdc9d9-ddb5-4fa4-a97d-d965ccfc6d4b" outcome="Failed" testListId="8c84fa94-04c1-424b-9868-57a2d4851a1d" relativeResultsDirectory="d3e72ade-dfaf-4440-96f3-b6c487d3dd72">
      <Output>
        <ErrorInfo>
          <Message>Assert.AreEqual failed. Expected:&lt;Empty&gt;. Actual:&lt;Black&gt;. </Message>
          <StackTrace>   at TestReversiKata.TestReversiKata.TestChangeOfCoordinateStateToIllegal() in c:\dotnet\ReversiKata\TestReversiKata\TestReversiKata.cs:line 116
</StackTrace>
        </ErrorInfo>
      </Output>
    </UnitTestResult>
  </Results>
</TestRun>