<?xml version="1.0" encoding="UTF-8"?>
<TestRun id="7a32fd42-a813-4d8d-a77d-c13cfdd61b23" name="gudmundssonm@WMLI032191 2012-05-04 21:07:05" runUser="GROUPINFRA\gudmundssonm" xmlns="http://microsoft.com/schemas/VisualStudio/TeamTest/2010">
  <TestSettings name="Local" id="986344fc-0c1f-4e15-b1fb-ca8d862367e0">
    <Description>These are default test settings for a local test run.</Description>
    <Deployment enabled="false" runDeploymentRoot="gudmundssonm_WMLI032191 2012-05-04 21_07_05">
      <DeploymentItem filename="c:\dotnet\ReversiKata\ReversiKata\bin\Debug\ReversiKata.dll" />
    </Deployment>
    <Execution>
      <TestTypeSpecific />
      <AgentRule name="Execution Agents">
      </AgentRule>
    </Execution>
  </TestSettings>
  <Times creation="2012-05-04T21:07:05.0137734+02:00" queuing="2012-05-04T21:07:06.2588446+02:00" start="2012-05-04T21:07:06.3758513+02:00" finish="2012-05-04T21:12:01.0298287+02:00" />
  <ResultSummary outcome="Failed">
    <Counters total="4" executed="4" passed="3" error="0" failed="1" timeout="0" aborted="0" inconclusive="0" passedButRunAborted="0" notRunnable="0" notExecuted="0" disconnected="0" warning="0" completed="0" inProgress="0" pending="0" />
  </ResultSummary>
  <TestDefinitions>
    <UnitTest name="TestChangeOfCoordinateStateToIllegal" storage="c:\dotnet\reversikata\testreversikata\bin\debug\testreversikata.dll" id="12e6e1a1-b709-4e64-cb67-112ffe265d48">
      <Execution id="bddc15b0-655d-4ebb-b270-0915c08c20f0" />
      <TestMethod codeBase="c:/dotnet/ReversiKata/TestReversiKata/bin/Debug/TestReversiKata.DLL" adapterTypeName="Microsoft.VisualStudio.TestTools.TestTypes.Unit.UnitTestAdapter, Microsoft.VisualStudio.QualityTools.Tips.UnitTest.Adapter, Version=10.0.0.0, Culture=neutral, PublicKeyToken=b03f5f7f11d50a3a" className="TestReversiKata.TestReversiKata, TestReversiKata, Version=1.0.0.0, Culture=neutral, PublicKeyToken=null" name="TestChangeOfCoordinateStateToIllegal" />
    </UnitTest>
    <UnitTest name="TestChangeOfCoordinateState" storage="c:\dotnet\reversikata\testreversikata\bin\debug\testreversikata.dll" id="48741c66-0ace-f9f9-8573-d703e6c6e94f">
      <Execution id="12f1d199-d1ce-401b-9980-9931d108d2f3" />
      <TestMethod codeBase="c:/dotnet/ReversiKata/TestReversiKata/bin/Debug/TestReversiKata.DLL" adapterTypeName="Microsoft.VisualStudio.TestTools.TestTypes.Unit.UnitTestAdapter, Microsoft.VisualStudio.QualityTools.Tips.UnitTest.Adapter, Version=10.0.0.0, Culture=neutral, PublicKeyToken=b03f5f7f11d50a3a" className="TestReversiKata.TestReversiKata, TestReversiKata, Version=1.0.0.0, Culture=neutral, PublicKeyToken=null" name="TestChangeOfCoordinateState" />
    </UnitTest>
    <UnitTest name="TestReversiKataMainTest" storage="c:\dotnet\reversikata\testreversikata\bin\debug\testreversikata.dll" id="5ea8bd89-1fb8-49c1-a428-65b7202051c0">
      <Execution id="1406dd6e-fc8f-450d-a1d5-484b0146958a" />
      <TestMethod codeBase="c:/dotnet/ReversiKata/TestReversiKata/bin/Debug/TestReversiKata.DLL" adapterTypeName="Microsoft.VisualStudio.TestTools.TestTypes.Unit.UnitTestAdapter, Microsoft.VisualStudio.QualityTools.Tips.UnitTest.Adapter, Version=10.0.0.0, Culture=neutral, PublicKeyToken=b03f5f7f11d50a3a" className="TestReversiKata.TestReversiKata, TestReversiKata, Version=1.0.0.0, Culture=neutral, PublicKeyToken=null" name="TestReversiKataMainTest" />
    </UnitTest>
    <UnitTest name="TestCoordinateStateOfEmptyBoard" storage="c:\dotnet\reversikata\testreversikata\bin\debug\testreversikata.dll" id="8ff47382-c427-e015-f1b2-e2f0017a140d">
      <Execution id="de5a5c22-1f1d-46ad-9460-60b2147ac3cb" />
      <TestMethod codeBase="c:/dotnet/ReversiKata/TestReversiKata/bin/Debug/TestReversiKata.DLL" adapterTypeName="Microsoft.VisualStudio.TestTools.TestTypes.Unit.UnitTestAdapter, Microsoft.VisualStudio.QualityTools.Tips.UnitTest.Adapter, Version=10.0.0.0, Culture=neutral, PublicKeyToken=b03f5f7f11d50a3a" className="TestReversiKata.TestReversiKata, TestReversiKata, Version=1.0.0.0, Culture=neutral, PublicKeyToken=null" name="TestCoordinateStateOfEmptyBoard" />
    </UnitTest>
  </TestDefinitions>
  <TestLists>
    <TestList name="Results Not in a List" id="8c84fa94-04c1-424b-9868-57a2d4851a1d" />
    <TestList name="All Loaded Results" id="19431567-8539-422a-85d7-44ee4e166bda" />
  </TestLists>
  <TestEntries>
    <TestEntry testId="5ea8bd89-1fb8-49c1-a428-65b7202051c0" executionId="1406dd6e-fc8f-450d-a1d5-484b0146958a" testListId="8c84fa94-04c1-424b-9868-57a2d4851a1d" />
    <TestEntry testId="48741c66-0ace-f9f9-8573-d703e6c6e94f" executionId="12f1d199-d1ce-401b-9980-9931d108d2f3" testListId="8c84fa94-04c1-424b-9868-57a2d4851a1d" />
    <TestEntry testId="8ff47382-c427-e015-f1b2-e2f0017a140d" executionId="de5a5c22-1f1d-46ad-9460-60b2147ac3cb" testListId="8c84fa94-04c1-424b-9868-57a2d4851a1d" />
    <TestEntry testId="12e6e1a1-b709-4e64-cb67-112ffe265d48" executionId="bddc15b0-655d-4ebb-b270-0915c08c20f0" testListId="8c84fa94-04c1-424b-9868-57a2d4851a1d" />
  </TestEntries>
  <Results>
    <UnitTestResult executionId="1406dd6e-fc8f-450d-a1d5-484b0146958a" testId="5ea8bd89-1fb8-49c1-a428-65b7202051c0" testName="TestReversiKataMainTest" computerName="WMLI032191" duration="00:00:00.0297350" startTime="2012-05-04T21:07:06.4798573+02:00" endTime="2012-05-04T21:07:07.7279264+02:00" testType="13cdc9d9-ddb5-4fa4-a97d-d965ccfc6d4b" outcome="Passed" testListId="8c84fa94-04c1-424b-9868-57a2d4851a1d" relativeResultsDirectory="1406dd6e-fc8f-450d-a1d5-484b0146958a">
    </UnitTestResult>
    <UnitTestResult executionId="12f1d199-d1ce-401b-9980-9931d108d2f3" testId="48741c66-0ace-f9f9-8573-d703e6c6e94f" testName="TestChangeOfCoordinateState" computerName="WMLI032191" duration="00:00:00.0011247" startTime="2012-05-04T21:07:07.7359269+02:00" endTime="2012-05-04T21:07:07.7499277+02:00" testType="13cdc9d9-ddb5-4fa4-a97d-d965ccfc6d4b" outcome="Passed" testListId="8c84fa94-04c1-424b-9868-57a2d4851a1d" relativeResultsDirectory="12f1d199-d1ce-401b-9980-9931d108d2f3">
    </UnitTestResult>
    <UnitTestResult executionId="de5a5c22-1f1d-46ad-9460-60b2147ac3cb" testId="8ff47382-c427-e015-f1b2-e2f0017a140d" testName="TestCoordinateStateOfEmptyBoard" computerName="WMLI032191" duration="00:00:00.0001944" startTime="2012-05-04T21:07:07.7569281+02:00" endTime="2012-05-04T21:07:07.7619284+02:00" testType="13cdc9d9-ddb5-4fa4-a97d-d965ccfc6d4b" outcome="Passed" testListId="8c84fa94-04c1-424b-9868-57a2d4851a1d" relativeResultsDirectory="de5a5c22-1f1d-46ad-9460-60b2147ac3cb">
    </UnitTestResult>
    <UnitTestResult executionId="bddc15b0-655d-4ebb-b270-0915c08c20f0" testId="12e6e1a1-b709-4e64-cb67-112ffe265d48" testName="TestChangeOfCoordinateStateToIllegal" computerName="WMLI032191" duration="00:04:53.1315217" startTime="2012-05-04T21:07:07.7669287+02:00" endTime="2012-05-04T21:12:00.9318231+02:00" testType="13cdc9d9-ddb5-4fa4-a97d-d965ccfc6d4b" outcome="Failed" testListId="8c84fa94-04c1-424b-9868-57a2d4851a1d" relativeResultsDirectory="bddc15b0-655d-4ebb-b270-0915c08c20f0">
      <Output>
        <ErrorInfo>
          <Message>Test method TestReversiKata.TestReversiKata.TestChangeOfCoordinateStateToIllegal threw exception: 
System.ArgumentException: Illegal coordinates</Message>
          <StackTrace>    at ReversiKata.ReversiBoard.ChangeCoordinateState(Int32 x, Int32 y, CoordinateType state) in c:\dotnet\ReversiKata\ReversiKata\ReversiBoard.cs:line 41
   at TestReversiKata.TestReversiKata.TestChangeOfCoordinateStateToIllegal() in c:\dotnet\ReversiKata\TestReversiKata\TestReversiKata.cs:line 115
</StackTrace>
        </ErrorInfo>
      </Output>
    </UnitTestResult>
  </Results>
</TestRun>