<?xml version="1.0" encoding="UTF-8"?>
<TestRun id="432fc3e4-c399-468d-b8fe-524eaf4cf105" name="gudmundssonm@WMLI032191 2012-05-04 20:18:20" runUser="GROUPINFRA\gudmundssonm" xmlns="http://microsoft.com/schemas/VisualStudio/TeamTest/2010">
  <TestSettings name="Local" id="986344fc-0c1f-4e15-b1fb-ca8d862367e0">
    <Description>These are default test settings for a local test run.</Description>
    <Deployment enabled="false" runDeploymentRoot="gudmundssonm_WMLI032191 2012-05-04 20_18_20">
      <DeploymentItem filename="c:\dotnet\ReversiKata\ReversiKata\bin\Debug\ReversiKata.dll" />
    </Deployment>
    <Execution>
      <TestTypeSpecific />
      <AgentRule name="Execution Agents">
      </AgentRule>
    </Execution>
  </TestSettings>
  <Times creation="2012-05-04T20:18:20.6625908+02:00" queuing="2012-05-04T20:18:22.2086575+02:00" start="2012-05-04T20:18:22.2746613+02:00" finish="2012-05-04T20:18:23.5396862+02:00" />
  <ResultSummary outcome="Completed">
    <Counters total="3" executed="3" passed="3" error="0" failed="0" timeout="0" aborted="0" inconclusive="0" passedButRunAborted="0" notRunnable="0" notExecuted="0" disconnected="0" warning="0" completed="0" inProgress="0" pending="0" />
  </ResultSummary>
  <TestDefinitions>
    <UnitTest name="TestChangeOfCoordinateState" storage="c:\dotnet\reversikata\testreversikata\bin\debug\testreversikata.dll" id="48741c66-0ace-f9f9-8573-d703e6c6e94f">
      <Execution id="11540d97-c02d-4e0c-af3f-44d6403560ca" />
      <TestMethod codeBase="c:/dotnet/ReversiKata/TestReversiKata/bin/Debug/TestReversiKata.DLL" adapterTypeName="Microsoft.VisualStudio.TestTools.TestTypes.Unit.UnitTestAdapter, Microsoft.VisualStudio.QualityTools.Tips.UnitTest.Adapter, Version=10.0.0.0, Culture=neutral, PublicKeyToken=b03f5f7f11d50a3a" className="TestReversiKata.TestReversiKata, TestReversiKata, Version=1.0.0.0, Culture=neutral, PublicKeyToken=null" name="TestChangeOfCoordinateState" />
    </UnitTest>
    <UnitTest name="TestReversiKataMainTest" storage="c:\dotnet\reversikata\testreversikata\bin\debug\testreversikata.dll" id="5ea8bd89-1fb8-49c1-a428-65b7202051c0">
      <Execution id="959bcda4-3970-41da-8552-c3d52cc13096" />
      <TestMethod codeBase="c:/dotnet/ReversiKata/TestReversiKata/bin/Debug/TestReversiKata.DLL" adapterTypeName="Microsoft.VisualStudio.TestTools.TestTypes.Unit.UnitTestAdapter, Microsoft.VisualStudio.QualityTools.Tips.UnitTest.Adapter, Version=10.0.0.0, Culture=neutral, PublicKeyToken=b03f5f7f11d50a3a" className="TestReversiKata.TestReversiKata, TestReversiKata, Version=1.0.0.0, Culture=neutral, PublicKeyToken=null" name="TestReversiKataMainTest" />
    </UnitTest>
    <UnitTest name="TestCoordinateStateOfEmptyBoard" storage="c:\dotnet\reversikata\testreversikata\bin\debug\testreversikata.dll" id="8ff47382-c427-e015-f1b2-e2f0017a140d">
      <Execution id="98a5d9c4-33c6-4fc8-8125-4b39450e01d5" />
      <TestMethod codeBase="c:/dotnet/ReversiKata/TestReversiKata/bin/Debug/TestReversiKata.DLL" adapterTypeName="Microsoft.VisualStudio.TestTools.TestTypes.Unit.UnitTestAdapter, Microsoft.VisualStudio.QualityTools.Tips.UnitTest.Adapter, Version=10.0.0.0, Culture=neutral, PublicKeyToken=b03f5f7f11d50a3a" className="TestReversiKata.TestReversiKata, TestReversiKata, Version=1.0.0.0, Culture=neutral, PublicKeyToken=null" name="TestCoordinateStateOfEmptyBoard" />
    </UnitTest>
  </TestDefinitions>
  <TestLists>
    <TestList name="Results Not in a List" id="8c84fa94-04c1-424b-9868-57a2d4851a1d" />
    <TestList name="All Loaded Results" id="19431567-8539-422a-85d7-44ee4e166bda" />
  </TestLists>
  <TestEntries>
    <TestEntry testId="5ea8bd89-1fb8-49c1-a428-65b7202051c0" executionId="959bcda4-3970-41da-8552-c3d52cc13096" testListId="8c84fa94-04c1-424b-9868-57a2d4851a1d" />
    <TestEntry testId="48741c66-0ace-f9f9-8573-d703e6c6e94f" executionId="11540d97-c02d-4e0c-af3f-44d6403560ca" testListId="8c84fa94-04c1-424b-9868-57a2d4851a1d" />
    <TestEntry testId="8ff47382-c427-e015-f1b2-e2f0017a140d" executionId="98a5d9c4-33c6-4fc8-8125-4b39450e01d5" testListId="8c84fa94-04c1-424b-9868-57a2d4851a1d" />
  </TestEntries>
  <Results>
    <UnitTestResult executionId="959bcda4-3970-41da-8552-c3d52cc13096" testId="5ea8bd89-1fb8-49c1-a428-65b7202051c0" testName="TestReversiKataMainTest" computerName="WMLI032191" duration="00:00:00.0276864" startTime="2012-05-04T20:18:22.3176621+02:00" endTime="2012-05-04T20:18:23.4256797+02:00" testType="13cdc9d9-ddb5-4fa4-a97d-d965ccfc6d4b" outcome="Passed" testListId="8c84fa94-04c1-424b-9868-57a2d4851a1d" relativeResultsDirectory="959bcda4-3970-41da-8552-c3d52cc13096">
    </UnitTestResult>
    <UnitTestResult executionId="11540d97-c02d-4e0c-af3f-44d6403560ca" testId="48741c66-0ace-f9f9-8573-d703e6c6e94f" testName="TestChangeOfCoordinateState" computerName="WMLI032191" duration="00:00:00.0011670" startTime="2012-05-04T20:18:23.4486810+02:00" endTime="2012-05-04T20:18:23.4556814+02:00" testType="13cdc9d9-ddb5-4fa4-a97d-d965ccfc6d4b" outcome="Passed" testListId="8c84fa94-04c1-424b-9868-57a2d4851a1d" relativeResultsDirectory="11540d97-c02d-4e0c-af3f-44d6403560ca">
    </UnitTestResult>
    <UnitTestResult executionId="98a5d9c4-33c6-4fc8-8125-4b39450e01d5" testId="8ff47382-c427-e015-f1b2-e2f0017a140d" testName="TestCoordinateStateOfEmptyBoard" computerName="WMLI032191" duration="00:00:00.0003310" startTime="2012-05-04T20:18:23.4626818+02:00" endTime="2012-05-04T20:18:23.4686821+02:00" testType="13cdc9d9-ddb5-4fa4-a97d-d965ccfc6d4b" outcome="Passed" testListId="8c84fa94-04c1-424b-9868-57a2d4851a1d" relativeResultsDirectory="98a5d9c4-33c6-4fc8-8125-4b39450e01d5">
    </UnitTestResult>
  </Results>
</TestRun>